<?xml version="1.0" encoding="UTF-8"?>
<testsuite name="com.example.demo.GroupTrainingApplicationTests" tests="1" skipped="0" failures="0" errors="0" timestamp="2025-04-13T21:16:31" hostname="SAYA" time="0.911">
  <properties/>
  <testcase name="contextLoads()" classname="com.example.demo.GroupTrainingApplicationTests" time="0.911"/>
  <system-out><![CDATA[06:16:24.594 [Test worker] INFO org.springframework.test.context.support.AnnotationConfigContextLoaderUtils -- Could not detect default configuration classes for test class [com.example.demo.GroupTrainingApplicationTests]: GroupTrainingApplicationTests does not declare any static, non-private, non-final, nested classes annotated with @Configuration.
06:16:24.871 [Test worker] INFO org.springframework.boot.test.context.SpringBootTestContextBootstrapper -- Found @SpringBootConfiguration com.example.demo.GroupTrainingApplication for test class com.example.demo.GroupTrainingApplicationTests

  .   ____          _            __ _ _
 /\\ / ___'_ __ _ _(_)_ __  __ _ \ \ \ \
( ( )\___ | '_ | '_| | '_ \/ _` | \ \ \ \
 \\/  ___)| |_)| | | | | || (_| |  ) ) ) )
  '  |____| .__|_| |_|_| |_\__, | / / / /
 =========|_|==============|___/=/_/_/_/

 :: Spring Boot ::                (v3.4.0)

2025-04-14T06:16:25.491+09:00  INFO 16952 --- [GroupTraining] [    Test worker] c.e.demo.GroupTrainingApplicationTests   : Starting GroupTrainingApplicationTests using Java 21.0.2 with PID 16952 (started by hanan in C:\pleiades\2024-12\workspace\Employee)
2025-04-14T06:16:25.494+09:00  INFO 16952 --- [GroupTraining] [    Test worker] c.e.demo.GroupTrainingApplicationTests   : No active profile set, falling back to 1 default profile: "default"
2025-04-14T06:16:26.699+09:00  INFO 16952 --- [GroupTraining] [    Test worker] .s.d.r.c.RepositoryConfigurationDelegate : Bootstrapping Spring Data JPA repositories in DEFAULT mode.
2025-04-14T06:16:26.781+09:00  INFO 16952 --- [GroupTraining] [    Test worker] .s.d.r.c.RepositoryConfigurationDelegate : Finished Spring Data repository scanning in 67 ms. Found 1 JPA repository interface.
2025-04-14T06:16:27.430+09:00  INFO 16952 --- [GroupTraining] [    Test worker] com.zaxxer.hikari.HikariDataSource       : HikariPool-1 - Starting...
2025-04-14T06:16:28.033+09:00  INFO 16952 --- [GroupTraining] [    Test worker] com.zaxxer.hikari.pool.HikariPool        : HikariPool-1 - Added connection com.mysql.cj.jdbc.ConnectionImpl@5d7f8467
2025-04-14T06:16:28.037+09:00  INFO 16952 --- [GroupTraining] [    Test worker] com.zaxxer.hikari.HikariDataSource       : HikariPool-1 - Start completed.
2025-04-14T06:16:28.116+09:00  INFO 16952 --- [GroupTraining] [    Test worker] o.hibernate.jpa.internal.util.LogHelper  : HHH000204: Processing PersistenceUnitInfo [name: default]
2025-04-14T06:16:28.232+09:00  INFO 16952 --- [GroupTraining] [    Test worker] org.hibernate.Version                    : HHH000412: Hibernate ORM core version 6.6.2.Final
2025-04-14T06:16:28.327+09:00  INFO 16952 --- [GroupTraining] [    Test worker] o.h.c.internal.RegionFactoryInitiator    : HHH000026: Second-level cache disabled
2025-04-14T06:16:28.893+09:00  INFO 16952 --- [GroupTraining] [    Test worker] o.s.o.j.p.SpringPersistenceUnitInfo      : No LoadTimeWeaver setup: ignoring JPA class transformer
2025-04-14T06:16:29.053+09:00  INFO 16952 --- [GroupTraining] [    Test worker] org.hibernate.orm.connections.pooling    : HHH10001005: Database info:
	Database JDBC URL [Connecting through datasource 'HikariDataSource (HikariPool-1)']
	Database driver: undefined/unknown
	Database version: 8.0.38
	Autocommit mode: undefined/unknown
	Isolation level: undefined/unknown
	Minimum pool size: undefined/unknown
	Maximum pool size: undefined/unknown
2025-04-14T06:16:30.170+09:00  INFO 16952 --- [GroupTraining] [    Test worker] o.h.e.t.j.p.i.JtaPlatformInitiator       : HHH000489: No JTA platform available (set 'hibernate.transaction.jta.platform' to enable JTA platform integration)
2025-04-14T06:16:30.174+09:00  INFO 16952 --- [GroupTraining] [    Test worker] j.LocalContainerEntityManagerFactoryBean : Initialized JPA EntityManagerFactory for persistence unit 'default'
2025-04-14T06:16:30.702+09:00  WARN 16952 --- [GroupTraining] [    Test worker] JpaBaseConfiguration$JpaWebConfiguration : spring.jpa.open-in-view is enabled by default. Therefore, database queries may be performed during view rendering. Explicitly configure spring.jpa.open-in-view to disable this warning
2025-04-14T06:16:31.316+09:00  INFO 16952 --- [GroupTraining] [    Test worker] c.e.demo.GroupTrainingApplicationTests   : Started GroupTrainingApplicationTests in 6.248 seconds (process running for 7.986)
]]></system-out>
  <system-err><![CDATA[Mockito is currently self-attaching to enable the inline-mock-maker. This will no longer work in future releases of the JDK. Please add Mockito as an agent to your build what is described in Mockito's documentation: https://javadoc.io/doc/org.mockito/mockito-core/latest/org/mockito/Mockito.html#0.3
WARNING: A Java agent has been loaded dynamically (C:\Users\hanan\.gradle\caches\modules-2\files-2.1\net.bytebuddy\byte-buddy-agent\1.15.10\e8eb255b2c378b9a6c7341e7b0e12f0a5636377\byte-buddy-agent-1.15.10.jar)
WARNING: If a serviceability tool is in use, please run with -XX:+EnableDynamicAgentLoading to hide this warning
WARNING: If a serviceability tool is not in use, please run with -Djdk.instrument.traceUsage for more information
WARNING: Dynamic loading of agents will be disallowed by default in a future release
]]></system-err>
</testsuite>
